0 info it worked if it ends with ok
1 verbose cli [ 'node',
1 verbose cli   'C:\\Users\\IBM_ADMIN\\AppData\\Roaming\\npm\\node_modules\\npm\\bin\\npm-cli.js',
1 verbose cli   'start' ]
2 info using npm@2.1.17
3 info using node@v0.10.35
4 verbose stack Error: missing script: start
4 verbose stack     at run (C:\Users\IBM_ADMIN\AppData\Roaming\npm\node_modules\npm\lib\run-script.js:130:19)
4 verbose stack     at C:\Users\IBM_ADMIN\AppData\Roaming\npm\node_modules\npm\lib\run-script.js:81:5
4 verbose stack     at C:\Users\IBM_ADMIN\AppData\Roaming\npm\node_modules\npm\node_modules\read-package-json\read-json.js:51:40
4 verbose stack     at final (C:\Users\IBM_ADMIN\AppData\Roaming\npm\node_modules\npm\node_modules\read-package-json\read-json.js:349:17)
4 verbose stack     at then (C:\Users\IBM_ADMIN\AppData\Roaming\npm\node_modules\npm\node_modules\read-package-json\read-json.js:126:33)
4 verbose stack     at C:\Users\IBM_ADMIN\AppData\Roaming\npm\node_modules\npm\node_modules\read-package-json\read-json.js:266:40
4 verbose stack     at evalmachine.<anonymous>:272:14
4 verbose stack     at C:\Users\IBM_ADMIN\AppData\Roaming\npm\node_modules\npm\node_modules\graceful-fs\graceful-fs.js:102:5
4 verbose stack     at Object.oncomplete (evalmachine.<anonymous>:108:15)
5 verbose cwd C:\Users\IBM_ADMIN\Documents\Bluemix\MyFirstJsApplication
6 error Windows_NT 6.1.7601
7 error argv "node" "C:\\Users\\IBM_ADMIN\\AppData\\Roaming\\npm\\node_modules\\npm\\bin\\npm-cli.js" "start"
8 error node v0.10.35
9 error npm  v2.1.17
10 error missing script: start
11 error If you need help, you may report this error at:
11 error     <http://github.com/npm/npm/issues>
12 verbose exit [ 1, true ]
